<?xml version="1.0" encoding="UTF-8"?>
<!-- Generated by org.testng.reporters.JUnitReportReporter -->
<testsuite hostname="DESKTOP-JRAVQ96" failures="0" tests="2" name="com.traval.qa.test.SearchHotelTest" time="13.187" errors="0" timestamp="2024-01-06T16:48:28 IST" skipped="0">
  <testcase classname="com.traval.qa.test.SearchHotelTest" name="ValidateHomePageTitle" time="0.041"/>
  <testcase classname="com.traval.qa.test.SearchHotelTest" name="ValidatabyAddingRequirment" time="13.146"/>
</testsuite> <!-- com.traval.qa.test.SearchHotelTest -->
