<?xml version="1.0" encoding="UTF-8"?>
<!-- Generated by org.testng.reporters.JUnitReportReporter -->
<testsuite hostname="DESKTOP-JRAVQ96" failures="0" tests="1" name="com.traval.qa.test.HotelLisitngTest" time="42.546" errors="0" timestamp="2024-01-06T17:10:34 IST" skipped="0">
  <testcase classname="com.traval.qa.test.HotelLisitngTest" name="ValidateHomePageTitle" time="42.546"/>
</testsuite> <!-- com.traval.qa.test.HotelLisitngTest -->
